e:\matko\programing\projects\economy_simulation\debug\vc141.pdb
e:\matko\programing\projects\economy_simulation\debug\function_queue_test.obj
e:\matko\programing\projects\economy_simulation\debug\item.obj
e:\matko\programing\projects\economy_simulation\debug\base_price_table.obj
e:\matko\programing\projects\economy_simulation\debug\population.obj
e:\matko\programing\projects\economy_simulation\debug\inventory.obj
e:\matko\programing\projects\economy_simulation\debug\character.obj
e:\matko\programing\projects\economy_simulation\debug\setting_manager.obj
e:\matko\programing\projects\economy_simulation\debug\function_queue.obj
e:\matko\programing\projects\economy_simulation\debug\day_list.obj
e:\matko\programing\projects\economy_simulation\debug\process_queue_manager.obj
e:\matko\programing\projects\economy_simulation\debug\main_manager.obj
e:\matko\programing\projects\economy_simulation\debug\list_manager.obj
e:\matko\programing\projects\economy_simulation\debug\button.obj
e:\matko\programing\projects\economy_simulation\debug\display_manager.obj
e:\matko\programing\projects\economy_simulation\debug\date.obj
e:\matko\programing\projects\economy_simulation\debug\actual_date.obj
e:\matko\programing\projects\economy_simulation\debug\main.obj
e:\matko\programing\projects\economy_simulation\debug\functions.obj
e:\matko\programing\projects\economy_simulation\debug\cpp_standard_headers_indexer.obj
e:\matko\programing\projects\economy_simulation\debug\map_position.obj
e:\matko\programing\projects\economy_simulation\debug\world_map.obj
e:\matko\programing\projects\economy_simulation\debug\c_standard_headers_indexer.obj
e:\matko\programing\projects\economy_simulation\debug\economy_simulation.ilk
e:\matko\programing\projects\economy_simulation\debug\economy_simulation.exe
e:\matko\programing\projects\economy_simulation\debug\economy_simulation.pdb
e:\matko\programing\projects\economy_simulation\debug\economy_.a0eb51ea.tlog\cl.command.1.tlog
e:\matko\programing\projects\economy_simulation\debug\economy_.a0eb51ea.tlog\cl.read.1.tlog
e:\matko\programing\projects\economy_simulation\debug\economy_.a0eb51ea.tlog\cl.write.1.tlog
e:\matko\programing\projects\economy_simulation\debug\economy_.a0eb51ea.tlog\link.command.1.tlog
e:\matko\programing\projects\economy_simulation\debug\economy_.a0eb51ea.tlog\link.read.1.tlog
e:\matko\programing\projects\economy_simulation\debug\economy_.a0eb51ea.tlog\link.write.1.tlog
