  Map_position.cpp
  cpp_standard_headers_indexer.cpp
  Functions.cpp
  main.cpp
e:\matko\programing\projects\economy_simulation\src\main.cpp(1): fatal error C1083: Cannot open include file: 'SFML/Graphics.hpp': No such file or directory
  Actual_date.cpp
  Date.cpp
  Display_manager.cpp
e:\matko\programing\projects\economy_simulation\src\managers\process_queue_manager.h(5): fatal error C1083: Cannot open include file: 'boost/function.hpp': No such file or directory
  Button.cpp
e:\matko\programing\projects\economy_simulation\src\managers\gui\button.h(19): fatal error C1083: Cannot open include file: 'SFML/Graphics.hpp': No such file or directory
  List_manager.cpp
  Main_manager.cpp
e:\matko\programing\projects\economy_simulation\src\managers\process_queue_manager.h(5): fatal error C1083: Cannot open include file: 'boost/function.hpp': No such file or directory
  Process_queue_manager.cpp
e:\matko\programing\projects\economy_simulation\src\managers\process_queue_manager.h(5): fatal error C1083: Cannot open include file: 'boost/function.hpp': No such file or directory
  Day_list.cpp
e:\matko\programing\projects\economy_simulation\src\managers\process_structure\function_queue.h(17): fatal error C1083: Cannot open include file: 'boost/function.hpp': No such file or directory
  Function_queue.cpp
e:\matko\programing\projects\economy_simulation\src\managers\process_structure\function_queue.h(17): fatal error C1083: Cannot open include file: 'boost/function.hpp': No such file or directory
  Setting_manager.cpp
  Character.cpp
  Inventory.cpp
  Population.cpp
  Base_price_table.cpp
  Item.cpp
  function_queue_test.cpp
e:\matko\programing\projects\economy_simulation\src\managers\process_structure\function_queue.h(17): fatal error C1083: Cannot open include file: 'boost/function.hpp': No such file or directory
  Generating Code...
  Compiling...
  World_map.cpp
e:\matko\programing\projects\economy_simulation\src\objects\map\world_map.h(3): fatal error C1083: Cannot open include file: 'boost\multi_array.hpp': No such file or directory
  Generating Code...
